     1                                  bits 32 ; assembling for the 32 bits architecture
     2                                  
     3                                  ; declare the EntryPoint (a label defining the very first instruction of the program)
     4                                  global start     
     5                                  
     6                                  ; declare external functions needed by our program
     7                                  extern exit               ; tell nasm that exit exists even if we won't be defining it
     8                                  import exit msvcrt.dll    ; exit is a function that ends the calling process. It is defined in msvcrt.dll
     9                                                            ; msvcrt.dll contains exit, printf and all the other important C-runtime specific functions
    10                                  
    11                                  ; our data is declared here (the variables needed by our program)
    12                                  segment data use32 class=data
    13                                      ; ...
    14 00000000 7B00                        a dw 123
    15                                  ; our code starts here
    16                                  segment code use32 class=code
    17                                      start:
    18                                          ; ...
    19                                          zece equ 10
    20 00000000 B804000000                      mov eax, 4
    21 00000005 BB0A000000                      mov ebx, zece
    22 0000000A 29C3                            sub ebx,eax
    23                                          
    24                                          ; exit(0)
    25 0000000C 6A00                            push    dword 0      ; push the parameter for exit onto the stack
    26 0000000E FF15[00000000]                  call    [exit]       ; call exit to terminate the program
